2019-11-23 12:45:55 [scrapy.utils.log] INFO: Scrapy 1.5.0 started (bot: Spider)
2019-11-23 12:45:55 [scrapy.utils.log] INFO: Versions: lxml 4.4.1.0, libxml2 2.9.5, cssselect 1.1.0, parsel 1.5.2, w3lib 1.21.0, Twisted 19.7.0, Python 3.7.4 (default, Aug  9 2019, 18:34:13) [MSC v.1915 64 bit (AMD64)], pyOpenSSL 19.0.0 (OpenSSL 1.1.1b  26 Feb 2019), cryptography 2.6.1, Platform Windows-10-10.0.17134-SP0
2019-11-23 12:45:55 [scrapy.crawler] INFO: Overridden settings: {'BOT_NAME': 'Spider', 'CONCURRENT_REQUESTS': 32, 'COOKIES_ENABLED': False, 'DOWNLOAD_DELAY': 1, 'DUPEFILTER_CLASS': 'scrapy_redis.dupefilter.RFPDupeFilter', 'LOG_FILE': 'log/scrapy_11_23_12_45.log', 'NEWSPIDER_MODULE': 'Spider.spiders', 'SCHEDULER': 'scrapy_redis.scheduler.Scheduler', 'SPIDER_MODULES': ['Spider.spiders']}
2019-11-23 12:45:55 [scrapy.middleware] INFO: Enabled extensions:
['scrapy.extensions.corestats.CoreStats',
 'scrapy.extensions.telnet.TelnetConsole',
 'scrapy.extensions.logstats.LogStats']
2019-11-23 12:45:57 [scrapy.middleware] INFO: Enabled downloader middlewares:
['scrapy.downloadermiddlewares.httpauth.HttpAuthMiddleware',
 'scrapy.downloadermiddlewares.downloadtimeout.DownloadTimeoutMiddleware',
 'scrapy.downloadermiddlewares.defaultheaders.DefaultHeadersMiddleware',
 'scrapy.downloadermiddlewares.useragent.UserAgentMiddleware',
 'Spider.middlewares.RotateUserAgentMiddleware',
 'scrapy.downloadermiddlewares.retry.RetryMiddleware',
 'scrapy.downloadermiddlewares.redirect.MetaRefreshMiddleware',
 'scrapy.downloadermiddlewares.httpcompression.HttpCompressionMiddleware',
 'scrapy.downloadermiddlewares.redirect.RedirectMiddleware',
 'scrapy.downloadermiddlewares.httpproxy.HttpProxyMiddleware',
 'scrapy.downloadermiddlewares.stats.DownloaderStats']
2019-11-23 12:45:57 [scrapy.middleware] INFO: Enabled spider middlewares:
['scrapy.spidermiddlewares.httperror.HttpErrorMiddleware',
 'scrapy.spidermiddlewares.offsite.OffsiteMiddleware',
 'scrapy.spidermiddlewares.referer.RefererMiddleware',
 'scrapy.spidermiddlewares.urllength.UrlLengthMiddleware',
 'scrapy.spidermiddlewares.depth.DepthMiddleware']
2019-11-23 12:45:57 [scrapy.middleware] INFO: Enabled item pipelines:
['Spider.pipelines.UrlPipeline']
2019-11-23 12:45:57 [scrapy.core.engine] INFO: Spider opened
2019-11-23 12:45:57 [scrapy.extensions.logstats] INFO: Crawled 0 pages (at 0 pages/min), scraped 0 items (at 0 items/min)
2019-11-23 12:45:57 [scrapy.extensions.telnet] DEBUG: Telnet console listening on 127.0.0.1:6023
2019-11-23 12:45:57 [scrapy.core.engine] DEBUG: Crawled (200) <GET https://baike.baidu.com/item/%E5%8C%97%E4%BA%AC/128981> (referer: None)
2019-11-23 12:45:59 [scrapy.core.scraper] DEBUG: Scraped from <200 https://baike.baidu.com/item/%E5%8C%97%E4%BA%AC/128981>
{'view_urls': ['/item/%E9%A6%96%E9%83%BD/26194',
               '/item/%E7%9B%B4%E8%BE%96%E5%B8%82/725471',
               '/item/%E5%9B%BD%E5%AE%B6%E4%B8%AD%E5%BF%83%E5%9F%8E%E5%B8%82/842500',
               '/item/%E8%B6%85%E5%A4%A7%E5%9F%8E%E5%B8%82/413865',
               '/item/%E4%B8%AD%E5%9B%BD%E5%85%B1%E4%BA%A7%E5%85%9A%E4%B8%AD%E5%A4%AE%E5%A7%94%E5%91%98%E4%BC%9A/1141242',
               '/item/%E4%B8%AD%E5%8D%8E%E4%BA%BA%E6%B0%91%E5%85%B1%E5%92%8C%E5%9B%BD%E4%B8%AD%E5%A4%AE%E4%BA%BA%E6%B0%91%E6%94%BF%E5%BA%9C/5693897',
               '/item/%E5%85%A8%E5%9B%BD%E4%BA%BA%E6%B0%91%E4%BB%A3%E8%A1%A8%E5%A4%A7%E4%BC%9A%E5%B8%B8%E5%8A%A1%E5%A7%94%E5%91%98%E4%BC%9A/689890',
               '/item/%E5%A4%A9%E6%B4%A5/132308',
               '/item/%E6%B2%B3%E5%8C%97/65777',
               '/item/%E6%B0%B8%E5%AE%9A%E6%B2%B3/2492895',
               '/item/%E6%BD%AE%E7%99%BD%E6%B2%B3/2031064',
               '/item/%E5%8C%97%E8%BF%90%E6%B2%B3/8528482',
               '/item/%E6%8B%92%E9%A9%AC%E6%B2%B3/176520',
               '/item/%E5%B4%87%E5%B1%B1%E5%B3%BB%E5%B2%AD/2722483',
               '/item/%E4%B8%96%E7%95%8C%E4%B8%80%E7%BA%BF%E5%9F%8E%E5%B8%82/4722524',
               '/item/%E4%BA%BA%E7%B1%BB%E5%8F%91%E5%B1%95%E6%8C%87%E6%95%B0/1239294',
               '/pic/%E5%8C%97%E4%BA%AC/128981/22034402/a50f4bfbfbedab64c9485883fd36afc379311ebe?fr=lemma&ct=cover',
               '/item/%E5%AE%A3%E6%AD%A6%E5%8C%BA/3506248',
               '/item/%E6%98%A5%E7%A7%8B%E6%88%98%E5%9B%BD/53913',
               '/item/%E6%98%A5%E7%A7%8B%E6%88%98%E5%9B%BD/53913',
               '/item/%E8%BE%BD/9050148',
               '/item/%E9%87%91/2641630',
               '/item/%E5%85%83/2634049',
               '/item/%E6%98%8E/9473149',
               '/item/%E6%B8%85/10030559',
               '/item/%E4%B8%AD%E5%8D%8E%E6%B0%91%E5%9B%BD',
               '/item/%E4%B8%AD%E5%8D%8E%E4%BA%BA%E6%B0%91%E5%85%B1%E5%92%8C%E5%9B%BD',
               '/item/%E5%8D%8E%E5%8C%97%E5%B9%B3%E5%8E%9F',
               '/item/%E6%B8%A4%E6%B5%B7%E6%B9%BE',
               '/item/%E8%BE%BD%E4%B8%9C%E5%8D%8A%E5%B2%9B',
               '/item/%E5%B1%B1%E4%B8%9C%E5%8D%8A%E5%B2%9B',
               '/item/%E8%A5%BF%E5%B1%B1/26944',
               '/item/%E5%A4%AA%E8%A1%8C%E5%B1%B1%E8%84%89',
               '/item/%E5%86%9B%E9%83%BD%E5%B1%B1',
               '/item/%E7%87%95%E5%B1%B1%E5%B1%B1%E8%84%89',
               '/item/%E9%97%A8%E5%A4%B4%E6%B2%9F%E5%8C%BA',
               '/item/%E4%B8%9C%E7%81%B5%E5%B1%B1',
               '/item/%E5%8C%97%E4%BA%AC%E5%B0%8F%E5%B9%B3%E5%8E%9F',
               '/item/%E5%B9%BD%E5%B7%9E',
               '/item/%E6%B2%A7%E6%B5%B7',
               '/item/%E5%A4%AA%E8%A1%8C',
               '/item/%E5%B1%85%E5%BA%B8',
               '/item/%E6%B2%B3%E6%B5%8E',
               '/item/%E5%A4%A9%E5%BA%9C%E4%B9%8B%E5%9B%BD',
               '/item/%E5%8C%97%E6%B8%A9%E5%B8%A6',
               '/item/%E6%B9%BF%E6%B6%A6',
               '/item/%E5%A4%A7%E9%99%86%E6%80%A7%E5%AD%A3%E9%A3%8E%E6%B0%94%E5%80%99',
               '/item/%E6%97%A0%E9%9C%9C%E6%9C%9F',
               '/item/%E5%8D%8E%E5%8C%97%E5%9C%B0%E5%8C%BA',
               '/item/%E5%BB%B6%E5%BA%86',
               '/item/%E5%AF%86%E4%BA%91',
               '/item/%E6%80%80%E6%9F%94',
               '/item/%E6%88%BF%E5%B1%B1%E5%8C%BA',
               '/item/%E5%8F%A4%E5%8C%97%E5%8F%A3',
               '/item/%E9%9C%9E%E4%BA%91%E5%B2%AD',
               '/item/%E6%8B%92%E9%A9%AC%E6%B2%B3',
               '/item/%E6%B0%B8%E5%AE%9A%E6%B2%B3%E6%B0%B4%E7%B3%BB',
               '/item/%E5%8C%97%E8%BF%90%E6%B2%B3%E6%B0%B4%E7%B3%BB',
               '/item/%E6%BD%AE%E7%99%BD%E6%B2%B3/2031064',
               '/item/%E8%93%9F%E8%BF%90%E6%B2%B3',
               '/item/%E6%B5%B7%E6%B2%B3',
               '/item/%E5%AF%86%E4%BA%91%E6%B0%B4%E5%BA%93',
               '/item/%E5%AE%98%E5%8E%85%E6%B0%B4%E5%BA%93',
               '/item/%E6%80%80%E6%9F%94%E6%B0%B4%E5%BA%93',
               '/item/%E6%B5%B7%E5%AD%90%E6%B0%B4%E5%BA%93',
               '/item/%E6%9A%96%E6%B8%A9%E5%B8%A6%E8%90%BD%E5%8F%B6%E9%98%94%E5%8F%B6%E6%9E%97',
               '/item/%E5%86%9C%E7%94%B0',
               '/item/%E8%8A%A6%E8%8B%87/1345',
               '/item/%E9%A6%99%E8%92%B2/63572',
               '/item/%E6%85%88%E8%8F%87',
               '/pic/%E5%8C%97%E4%BA%AC/128981/16700330/d01373f082025aafed51ec31fbedab64024f1aec?fr=lemma&ct=cover',
               '/item/%E9%9A%8B%E6%8C%AF%E6%B1%9F/9999831',
               '/item//10448156',
               '/pic/%E5%8C%97%E4%BA%AC/128981/22880621/8c1001e93901213f52abf33d5fe736d12e2e95b3?fr=lemma&ct=cover',
               '/item/%E5%85%A8%E5%9B%BD%E8%BF%90%E5%8A%A8%E4%BC%9A',
               '/item/1990%E5%B9%B4%E5%8C%97%E4%BA%AC%E4%BA%9A%E8%BF%90%E4%BC%9A',
               '/item/%E4%B8%96%E7%95%8C%E5%A4%A7%E5%AD%A6%E7%94%9F%E8%BF%90%E5%8A%A8%E4%BC%9A',
               '/item/2008%E5%B9%B4%E5%8C%97%E4%BA%AC%E5%A5%A5%E8%BF%90%E4%BC%9A',
               '/item/2008%E5%B9%B4%E5%8C%97%E4%BA%AC%E6%AE%8B%E5%A5%A5%E4%BC%9A',
               '/item/%E5%9B%BD%E9%99%85%E6%B3%B3%E8%81%94%E8%8A%B1%E6%A0%B7%E6%B8%B8%E6%B3%B3%E5%A4%A7%E5%A5%96%E8%B5%9B',
               '/item/%E7%AC%AC24%E5%B1%8A%E5%86%AC%E5%AD%A3%E5%A5%A5%E6%9E%97%E5%8C%B9%E5%85%8B%E8%BF%90%E5%8A%A8%E4%BC%9A',
               '/item/%E5%9B%BD%E5%AE%B6%E4%BD%93%E8%82%B2%E5%9C%BA',
               '/item/%E9%B8%9F%E5%B7%A2',
               '/item/%E5%9B%BD%E5%AE%B6%E6%B8%B8%E6%B3%B3%E4%B8%AD%E5%BF%83',
               '/item/%E6%B0%B4%E7%AB%8B%E6%96%B9',
               '/item/%E5%B7%A5%E4%BA%BA%E4%BD%93%E8%82%B2%E5%9C%BA',
               '/item/%E4%BA%94%E6%A3%B5%E6%9D%BE%E4%BD%93%E8%82%B2%E9%A6%86',
               '/item/%E5%9B%BD%E5%AE%B6%E7%BD%91%E7%90%83%E4%B8%AD%E5%BF%83',
               '/item/%E5%8C%97%E4%BA%AC%E5%A5%A5%E6%9E%97%E5%8C%B9%E5%85%8B%E6%B0%B4%E4%B8%8A%E5%85%AC%E5%9B%AD',
               '/item/%E9%A6%96%E9%83%BD%E4%BD%93%E8%82%B2%E9%A6%86',
               '/item/%E5%8C%97%E4%BA%AC%E5%A4%A7%E5%AD%A6%E7%94%9F%E4%BD%93%E8%82%B2%E9%A6%86',
               '/item/%E5%A5%A5%E4%BD%93%E4%B8%AD%E5%BF%83%E4%BD%93%E8%82%B2%E9%A6%86',
               '/item/%E5%8C%97%E4%BA%AC%E5%B0%84%E5%87%BB%E9%A6%86',
               '/item/%E4%B8%B0%E5%8F%B0%E5%9E%92%E7%90%83%E5%9C%BA',
               '/item/%E6%9C%88%E5%9D%9B%E4%BD%93%E8%82%B2%E9%A6%86',
               '/item/5G%E5%95%86%E7%94%A8/24112622',
               '/item/%E5%8C%97%E4%BA%AC%E7%AC%AC%E4%B8%80%E5%AE%9E%E9%AA%8C%E5%B0%8F%E5%AD%A6',
               '/item/%E5%8C%97%E4%BA%AC%E4%B8%AD%E5%85%B3%E6%9D%91%E7%AC%AC%E4%B8%80%E5%B0%8F%E5%AD%A6',
               '/item/%E5%B4%87%E6%96%87%E5%B0%8F%E5%AD%A6',
               '/item/%E5%8C%97%E4%BA%AC%E5%B8%82%E6%B5%B7%E6%B7%80%E5%8C%BA%E4%B8%AD%E5%85%B3%E6%9D%91%E7%AC%AC%E4%BA%8C%E5%B0%8F%E5%AD%A6',
               '/item/%E5%8F%B2%E5%AE%B6%E8%83%A1%E5%90%8C%E5%B0%8F%E5%AD%A6',
               '/item/%E5%8C%97%E4%BA%AC%E5%B8%82%E6%B5%B7%E6%B7%80%E5%8C%BA%E4%B8%AD%E5%85%B3%E6%9D%91%E7%AC%AC%E4%B8%89%E5%B0%8F%E5%AD%A6',
               '/item/%E5%BA%9C%E5%AD%A6%E5%B0%8F%E5%AD%A6',
               '/item/%E4%BA%8C%E9%87%8C%E6%B2%9F%E5%B0%8F%E5%AD%A6',
               '/item/%E5%8C%97%E4%BA%AC%E7%AC%AC%E4%BA%8C%E5%AE%9E%E9%AA%8C%E5%B0%8F%E5%AD%A6',
               '/item/%E4%B8%AD%E5%9B%BD%E4%BA%BA%E6%B0%91%E5%A4%A7%E5%AD%A6%E9%99%84%E5%B1%9E%E5%B0%8F%E5%AD%A6',
               '/item/%E5%8C%97%E4%BA%AC%E5%B8%88%E8%8C%83%E5%A4%A7%E5%AD%A6%E5%AE%9E%E9%AA%8C%E5%B0%8F%E5%AD%A6',
               '/item/%E5%8C%97%E4%BA%AC%E5%B0%8F%E5%AD%A6',
               '/item/%E5%8C%97%E4%BA%AC%E8%82%B2%E6%89%8D%E5%AD%A6%E6%A0%A1',
               '/item/%E5%8C%97%E4%BA%AC%E8%82%B2%E6%B0%91%E5%B0%8F%E5%AD%A6',
               '/item/%E5%8C%97%E4%BA%AC%E5%B8%82%E7%81%AF%E5%B8%82%E5%8F%A3%E5%B0%8F%E5%AD%A6',
               '/item/%E5%8C%97%E4%BA%AC%E8%A5%BF%E5%9F%8E%E5%8C%BA%E7%99%BD%E4%BA%91%E8%B7%AF%E5%B0%8F%E5%AD%A6',
               '/item/%E9%9D%92%E9%BE%99%E6%A1%A5%E5%B0%8F%E5%AD%A6',
               '/item/%E4%B8%AD%E5%9B%BD%E4%BA%BA%E6%B0%91%E5%A4%A7%E5%AD%A6%E9%99%84%E5%B1%9E%E4%B8%AD%E5%AD%A6',
               '/item/%E5%8C%97%E4%BA%AC%E5%B8%82%E7%AC%AC%E5%9B%9B%E4%B8%AD%E5%AD%A6',
               '/item/%E5%8C%97%E4%BA%AC%E5%B8%88%E8%8C%83%E5%A4%A7%E5%AD%A6%E9%99%84%E5%B1%9E%E5%AE%9E%E9%AA%8C%E4%B8%AD%E5%AD%A6',
               '/item/%E5%8C%97%E4%BA%AC%E5%B8%82%E7%AC%AC%E4%BA%8C%E4%B8%AD%E5%AD%A6',
               '/item/%E5%8C%97%E4%BA%AC%E5%B8%82%E7%AC%AC%E4%BA%94%E4%B8%AD%E5%AD%A6',
               '/item/%E5%8C%97%E4%BA%AC%E5%B8%82%E7%AC%AC%E5%85%AB%E4%B8%AD%E5%AD%A6',
               '/item/%E5%8C%97%E4%BA%AC%E5%B8%82%E8%A5%BF%E5%9F%8E%E5%8C%BA%E5%AE%9E%E9%AA%8C%E5%AD%A6%E6%A0%A1',
               '/item/%E5%8C%97%E4%BA%AC%E5%A4%A7%E5%AD%A6%E9%99%84%E5%B1%9E%E4%B8%AD%E5%AD%A6',
               '/item/%E6%B8%85%E5%8D%8E%E5%A4%A7%E5%AD%A6%E9%99%84%E5%B1%9E%E4%B8%AD%E5%AD%A6',
               '/item/%E5%8C%97%E4%BA%AC%E5%B8%82%E7%AC%AC%E5%85%AB%E5%8D%81%E4%B8%AD%E5%AD%A6',
               '/item/%E5%8C%97%E4%BA%AC%E5%B8%88%E8%8C%83%E5%A4%A7%E5%AD%A6%E9%99%84%E5%B1%9E%E4%B8%AD%E5%AD%A6',
               '/item/%E5%8C%97%E4%BA%AC%E5%B8%88%E8%8C%83%E5%A4%A7%E5%AD%A6%E7%AC%AC%E4%BA%8C%E9%99%84%E5%B1%9E%E4%B8%AD%E5%AD%A6',
               '/item/%E5%8C%97%E4%BA%AC%E6%B1%87%E6%96%87%E4%B8%AD%E5%AD%A6',
               '/item/%E6%BD%9E%E6%B2%B3%E4%B8%AD%E5%AD%A6',
               '/item/%E5%8C%97%E4%BA%AC%E5%B8%82%E5%8D%81%E4%B8%80%E5%AD%A6%E6%A0%A1',
               '/item/%E9%99%88%E7%BB%8F%E7%BA%B6%E4%B8%AD%E5%AD%A6',
               '/item/%E5%8C%97%E4%BA%AC%E4%B8%80%E9%9B%B6%E4%B8%80%E4%B8%AD%E5%AD%A6',
               '/item/%E5%8C%97%E4%BA%AC%E5%B8%82%E5%85%AB%E4%B8%80%E4%B8%AD%E5%AD%A6',
               '/item/%E9%A6%96%E9%83%BD%E5%B8%88%E8%8C%83%E5%A4%A7%E5%AD%A6%E9%99%84%E5%B1%9E%E4%B8%AD%E5%AD%A6',
               '/item/%E5%8C%97%E4%BA%AC%E5%B8%82%E4%B8%80%E5%85%AD%E4%B8%80%E4%B8%AD%E5%AD%A6',
               '/item/%E5%8C%97%E4%BA%AC%E5%B8%82%E7%AC%AC%E5%8D%81%E4%BA%8C%E4%B8%AD%E5%AD%A6',
               '/item/%E6%99%AE%E9%80%9A%E9%AB%98%E7%AD%89%E9%99%A2%E6%A0%A1',
               '/item/%E5%8C%97%E4%BA%AC%E5%A4%A7%E5%AD%A6',
               '/item/%E6%B8%85%E5%8D%8E%E5%A4%A7%E5%AD%A6',
               '/item/%E4%B8%AD%E5%9B%BD%E4%BA%BA%E6%B0%91%E5%A4%A7%E5%AD%A6',
               '/item/%E5%8C%97%E4%BA%AC%E5%B8%88%E8%8C%83%E5%A4%A7%E5%AD%A6',
               '/item/%E4%B8%AD%E5%9B%BD%E5%9B%BD%E5%AE%B6%E5%9B%BE%E4%B9%A6%E9%A6%86',
               '/item/%E5%8C%97%E4%BA%AC%E5%9B%BE%E4%B9%A6%E9%A6%86',
               '/item/%E4%BA%AC%E5%B8%88%E5%9B%BE%E4%B9%A6%E9%A6%86/4331114',
               '/item/%E5%8C%97%E4%BA%AC%E5%A4%A7%E5%AD%A6%E5%9B%BE%E4%B9%A6%E9%A6%86',
               '/item/%E4%B8%AD%E5%9B%BD%E7%A7%91%E5%AD%A6%E9%99%A2%E5%9B%BD%E5%AE%B6%E7%A7%91%E5%AD%A6%E5%9B%BE%E4%B9%A6%E9%A6%86',
               '/item/%E9%87%8D%E7%82%B9%E5%A4%A7%E5%AD%A6',
               '/item/%E4%B8%AD%E5%9B%BD%E7%A7%91%E5%AD%A6%E9%99%A2',
               '/item/%E4%B8%AD%E5%9B%BD%E5%B7%A5%E7%A8%8B%E9%99%A2',
               '/item/%E4%B8%AD%E5%85%B3%E6%9D%91%E7%A7%91%E6%8A%80%E5%9B%AD%E5%8C%BA',
               '/item/%E9%A6%99%E6%B8%AF%E4%B9%9D%E9%BE%99/5830926',
               '/item/%E4%BA%AC%E4%B9%9D%E9%93%81%E8%B7%AF',
               '/item/%E4%B8%8A%E6%B5%B7/114606',
               '/item/%E4%BA%AC%E6%B2%AA%E9%93%81%E8%B7%AF/19163517',
               '/item/%E5%B9%BF%E4%B8%9C%E7%9C%81/132473',
               '/item/%E5%B9%BF%E5%B7%9E%E5%B8%82/21808',
               '/item/%E4%BA%AC%E5%B9%BF%E9%93%81%E8%B7%AF',
               '/item/%E9%BB%91%E9%BE%99%E6%B1%9F%E7%9C%81/129397',
               '/item/%E5%93%88%E5%B0%94%E6%BB%A8%E5%B8%82/129324',
               '/item/%E4%BA%AC%E5%93%88%E9%93%81%E8%B7%AF/894745',
               '/item/%E4%BA%AC%E5%93%88%E9%AB%98%E9%93%81/7565397',
               '/item/%E5%86%85%E8%92%99%E5%8F%A4/173741',
               '/item/%E5%8C%85%E5%A4%B4%E5%B8%82/3408874',
               '/item/%E4%BA%AC%E5%8C%85%E9%93%81%E8%B7%AF',
               '/item/%E5%B1%B1%E8%A5%BF%E7%9C%81/365266',
               '/item/%E5%BF%BB%E5%B7%9E%E5%B8%82/528415',
               '/item/%E5%8E%9F%E5%B9%B3%E5%B8%82/2749725',
               '/item/%E4%BA%AC%E5%8E%9F%E9%93%81%E8%B7%AF/4975376',
               '/item/%E5%B9%BF%E8%A5%BF%E5%A3%AE%E6%97%8F%E8%87%AA%E6%B2%BB%E5%8C%BA/163178',
               '/item/%E6%A1%82%E6%9E%97%E5%B8%82/10989247',
               '/item/%E4%BA%AC%E5%B9%BF%E9%AB%98%E9%93%81',
               '/item/%E6%B9%98%E6%A1%82%E9%AB%98%E9%93%81',
               '/item/%E9%80%9A%E8%BE%BD%E5%B8%82/3030453',
               '/item/%E4%BA%AC%E9%80%9A%E9%93%81%E8%B7%AF/4975358',
               '/item/%E6%B2%B3%E5%8C%97%E7%9C%81/153775',
               '/item/%E6%89%BF%E5%BE%B7%E5%B8%82/13022361',
               '/item/%E4%BA%AC%E6%89%BF%E9%93%81%E8%B7%AF/4975339',
               '/item/%E4%B9%8C%E5%85%B0%E5%B7%B4%E6%89%98',
               '/item/%E5%B9%B3%E5%A3%A4',
               '/item/%E6%B2%B3%E5%86%85',
               '/item/%E4%BA%AC%E6%B4%A5%E5%9F%8E%E9%99%85%E9%93%81%E8%B7%AF',
               '/item/%E4%BA%AC%E6%B2%AA%E9%AB%98%E9%93%81',
               '/item/%E5%8C%97%E4%BA%AC%E7%AB%99',
               '/item/%E4%B8%9C%E4%BE%BF%E9%97%A8',
               '/item/%E5%8C%97%E4%BA%AC%E5%8D%97%E7%AB%99',
               '/item/%E5%8C%97%E4%BA%AC%E8%A5%BF%E7%AB%99',
               '/item/%E8%8E%B2%E8%8A%B1%E6%B1%A0',
               '/item/%E5%8C%97%E4%BA%AC%E5%8C%97%E7%AB%99',
               '/item/%E8%A5%BF%E7%9B%B4%E9%97%A8',
               '/item/%E5%8C%97%E4%BA%AC%E4%B8%9C%E7%AB%99',
               '/item/%E7%99%BE%E5%AD%90%E6%B9%BE',
               '/item/%E5%8C%97%E4%BA%AC%E9%A6%96%E9%83%BD%E5%9B%BD%E9%99%85%E6%9C%BA%E5%9C%BA',
               '/item/%E4%B8%AD%E5%9B%BD%E5%9B%BD%E9%99%85%E8%88%AA%E7%A9%BA',
               '/item/%E5%8C%97%E4%BA%AC%E9%A6%96%E9%83%BD%E5%9B%BD%E9%99%85%E6%9C%BA%E5%9C%BA',
               '/item/%E4%BA%9A%E7%89%B9%E5%85%B0%E5%A4%A7%E6%9C%BA%E5%9C%BA',
               '/item/%E5%8C%97%E4%BA%AC%E6%9C%BA%E5%9C%BA%E9%AB%98%E9%80%9F%E5%85%AC%E8%B7%AF',
               '/item/%E5%8C%97%E4%BA%AC%E5%9C%B0%E9%93%81%E6%9C%BA%E5%9C%BA%E7%BA%BF',
               '/item/%E5%8C%97%E4%BA%AC%E5%8D%97%E8%8B%91%E6%9C%BA%E5%9C%BA',
               '/item/%E5%8C%97%E4%BA%AC%E8%A5%BF%E9%83%8A%E6%9C%BA%E5%9C%BA',
               '/item/%E5%8C%97%E4%BA%AC%E6%B2%99%E6%B2%B3%E6%9C%BA%E5%9C%BA',
               '/item/%E5%8C%97%E4%BA%AC%E5%85%AB%E8%BE%BE%E5%B2%AD%E6%9C%BA%E5%9C%BA',
               '/item/%E5%8C%97%E4%BA%AC%E5%A4%A7%E5%85%B4%E5%9B%BD%E9%99%85%E6%9C%BA%E5%9C%BA/12801770',
               '/item/%E4%B8%AD%E5%9B%BD%E8%81%94%E5%90%88%E8%88%AA%E7%A9%BA%E5%85%AC%E5%8F%B8',
               '/item/%E5%86%9B%E7%94%A8%E6%9C%BA%E5%9C%BA',
               '/item/%E5%A4%8D%E5%85%B4%E9%97%A8',
               '/item/%E5%BB%BA%E5%9B%BD%E9%97%A8',
               '/item/%E5%B9%B3%E5%AE%89%E5%A4%A7%E8%A1%97',
               '/item/%E4%B8%9C%E5%9B%9B%E5%8D%81%E6%9D%A1',
               '/item/%E8%BD%A6%E5%85%AC%E5%BA%84',
               '/item/%E5%B9%BF%E5%AE%89%E5%A4%A7%E8%A1%97',
               '/item/%E5%B9%BF%E5%AE%89%E9%97%A8',
               '/item/%E5%B9%BF%E6%B8%A0%E9%97%A8',
               '/item/%E7%8E%89%E8%9C%93%E6%A1%A5',
               '/item/%E9%9B%8D%E5%92%8C%E5%AE%AB',
               '/item/%E7%A7%AF%E6%B0%B4%E6%BD%AD',
               '/item/%E6%96%B9%E5%BA%84',
               '/item/%E7%BA%A2%E6%A1%A5',
               '/item/%E5%B4%87%E6%96%87%E9%97%A8',
               '/item/%E4%B8%9C%E5%8D%95',
               '/item/%E4%B8%9C%E5%9B%9B',
               '/item/%E5%8C%97%E6%96%B0%E6%A1%A5',
               '/item/%E8%8F%9C%E5%B8%82%E5%8F%A3',
               '/item/%E5%AE%A3%E6%AD%A6%E9%97%A8',
               '/item/%E8%A5%BF%E5%8D%95',
               '/item/%E8%A5%BF%E5%9B%9B',
               '/item/%E6%96%B0%E8%A1%97%E5%8F%A3',
               '/item/%E5%A4%A9%E5%AE%89%E9%97%A8%E5%B9%BF%E5%9C%BA',
               '/item/%E7%B4%AB%E7%A6%81%E5%9F%8E',
               '/item/%E5%9C%B0%E5%AE%89%E9%97%A8',
               '/item/%E9%BC%93%E6%A5%BC',
               '/item/%E5%8C%97%E8%BE%B0%E8%B7%AF',
               '/item/%E5%A5%A5%E4%BD%93%E4%B8%AD%E5%BF%83',
               '/item/%E5%A4%A9%E6%A1%A5',
               '/item/%E6%B0%B8%E5%AE%9A%E9%97%A8',
               '/item/%E4%B8%89%E8%90%A5%E9%97%A8',
               '/item/%E5%8C%97%E4%BA%AC%E5%9C%B0%E9%93%81',
               '/item/%E5%8C%97%E4%BA%AC%E5%9C%B0%E9%93%811%E5%8F%B7%E7%BA%BF',
               '/item/%E8%8B%B9%E6%9E%9C%E5%9B%AD%E7%AB%99',
               '/item/%E5%9B%9B%E6%83%A0%E4%B8%9C%E7%AB%99',
               '/item/%E5%8C%97%E4%BA%AC%E5%9C%B0%E9%93%812%E5%8F%B7%E7%BA%BF',
               '/item/%E8%A5%BF%E7%9B%B4%E9%97%A8%E7%AB%99/2612279',
               '/item/%E8%A5%BF%E7%9B%B4%E9%97%A8%E7%AB%99/2612279',
               '/item/%E5%8C%97%E4%BA%AC%E5%9C%B0%E9%93%8113%E5%8F%B7%E7%BA%BF',
               '/item/%E8%A5%BF%E7%9B%B4%E9%97%A8%E7%AB%99/2612279',
               '/item/%E4%B8%9C%E7%9B%B4%E9%97%A8%E7%AB%99',
               '/item/%E5%8C%97%E4%BA%AC%E5%9C%B0%E9%93%815%E5%8F%B7%E7%BA%BF',
               '/item/%E5%A4%A9%E9%80%9A%E8%8B%91%E5%8C%97%E7%AB%99',
               '/item/%E5%AE%8B%E5%AE%B6%E5%BA%84%E7%AB%99/75170',
               '/item/%E5%8C%97%E4%BA%AC%E5%9C%B0%E9%93%818%E5%8F%B7%E7%BA%BF',
               '/item/%E7%80%9B%E6%B5%B7%E7%AB%99',
               '/item/%E7%8F%A0%E5%B8%82%E5%8F%A3%E7%AB%99/16510844',
               '/item/%E4%B8%AD%E5%9B%BD%E7%BE%8E%E6%9C%AF%E9%A6%86%E7%AB%99/16655015',
               '/item/%E6%9C%B1%E8%BE%9B%E5%BA%84%E7%AB%99',
               '/item/%E5%8C%97%E4%BA%AC%E5%9C%B0%E9%93%8110%E5%8F%B7%E7%BA%BF',
               '/item/%E5%B7%B4%E6%B2%9F%E7%AB%99',
               '/item/%E5%B7%B4%E6%B2%9F%E7%AB%99',
               '/item/%E5%8C%97%E4%BA%AC%E5%9C%B0%E9%93%81%E6%9C%BA%E5%9C%BA%E7%BA%BF',
               '/item/%E4%B8%9C%E7%9B%B4%E9%97%A8%E7%AB%99',
               '/item/3%E5%8F%B7%E8%88%AA%E7%AB%99%E6%A5%BC%E7%AB%99/2662103',
               '/item/2%E5%8F%B7%E8%88%AA%E7%AB%99%E6%A5%BC%E7%AB%99/2662271',
               '/item/%E5%8C%97%E4%BA%AC%E5%9C%B0%E9%93%814%E5%8F%B7%E7%BA%BF',
               '/item/%E5%AE%89%E6%B2%B3%E6%A1%A5%E5%8C%97%E7%AB%99',
               '/item/%E5%85%AC%E7%9B%8A%E8%A5%BF%E6%A1%A5%E7%AB%99',
               '/item/%E5%8C%97%E4%BA%AC%E5%9C%B0%E9%93%8115%E5%8F%B7%E7%BA%BF',
               '/item/%E6%B8%85%E5%8D%8E%E4%B8%9C%E8%B7%AF%E8%A5%BF%E5%8F%A3%E7%AB%99',
               '/item/%E4%BF%B8%E4%BC%AF%E7%AB%99',
               '/item/%E5%8C%97%E4%BA%AC%E5%9C%B0%E9%93%81%E6%88%BF%E5%B1%B1%E7%BA%BF',
               '/item/%E9%83%AD%E5%85%AC%E5%BA%84%E7%AB%99',
               '/item/%E9%98%8E%E6%9D%91%E4%B8%9C%E7%AB%99/21519767',
               '/item/%E5%8C%97%E4%BA%AC%E5%9C%B0%E9%93%81%E4%BA%A6%E5%BA%84%E7%BA%BF',
               '/item/%E5%AE%8B%E5%AE%B6%E5%BA%84%E7%AB%99/75170',
               '/item/%E6%AC%A1%E6%B8%A0%E7%AB%99',
               '/item/%E5%8C%97%E4%BA%AC%E5%9C%B0%E9%93%81%E5%A4%A7%E5%85%B4%E7%BA%BF',
               '/item/%E5%85%AC%E7%9B%8A%E8%A5%BF%E6%A1%A5%E7%AB%99',
               '/item/%E5%A4%A9%E5%AE%AB%E9%99%A2%E7%AB%99',
               '/item/%E5%8C%97%E4%BA%AC%E5%9C%B0%E9%93%81%E6%98%8C%E5%B9%B3%E7%BA%BF',
               '/item/%E6%98%8C%E5%B9%B3%E8%A5%BF%E5%B1%B1%E5%8F%A3%E7%AB%99',
               '/item/%E8%A5%BF%E4%BA%8C%E6%97%97%E7%AB%99',
               '/item/%E5%8C%97%E4%BA%AC%E5%9C%B0%E9%93%819%E5%8F%B7%E7%BA%BF',
               '/item/%E9%83%AD%E5%85%AC%E5%BA%84%E7%AB%99',
               '/item/%E5%9B%BD%E5%AE%B6%E5%9B%BE%E4%B9%A6%E9%A6%86%E7%AB%99',
               '/item/%E5%8C%97%E4%BA%AC%E5%9C%B0%E9%93%816%E5%8F%B7%E7%BA%BF',
               '/item/%E9%87%91%E5%AE%89%E6%A1%A5%E7%AB%99',
               '/item/%E6%BD%9E%E5%9F%8E%E7%AB%99',
               '/item/%E4%BD%9B%E6%95%99',
               '/item/%E9%81%93%E6%95%99',
               '/item/%E4%BC%8A%E6%96%AF%E5%85%B0%E6%95%99',
               '/item/%E5%A4%A9%E4%B8%BB%E6%95%99',
               '/item/%E5%9F%BA%E7%9D%A3%E6%95%99',
               '/item/%E5%8C%97%E4%BA%AC%E6%95%85%E5%AE%AB',
               '/item/%E7%B4%AB%E7%A6%81%E5%9F%8E',
               '/item/%E6%98%8E/9473149',
               '/item/%E6%B8%85/10030559',
               '/item/%E7%9A%87%E5%AE%AB',
               '/item/%E5%A4%A9%E5%9D%9B',
               '/item/%E5%9B%9B%E5%90%88%E9%99%A2',
               '/item/%E6%AD%A3%E6%88%BF',
               '/item/%E5%80%92%E5%BA%A7%E6%88%BF',
               '/item/%E5%8E%A2%E6%88%BF',
               '/item/%E6%B3%95%E6%BA%90%E5%AF%BA',
               '/item/%E6%BD%AD%E6%9F%98%E5%AF%BA',
               '/item/%E6%88%92%E5%8F%B0%E5%AF%BA',
               '/item/%E4%BA%91%E5%B1%85%E5%AF%BA',
               '/item/%E5%85%AB%E5%A4%A7%E5%A4%84',
               '/item/%E7%99%BD%E4%BA%91%E8%A7%82',
               '/item/%E4%BC%8A%E6%96%AF%E5%85%B0%E6%95%99',
               '/item/%E7%89%9B%E8%A1%97%E7%A4%BC%E6%8B%9C%E5%AF%BA',
               '/item/%E5%96%87%E5%98%9B%E6%95%99',
               '/item/%E9%9B%8D%E5%92%8C%E5%AE%AB',
               '/item/%E8%A5%BF%E4%BB%80%E5%BA%93%E5%A4%A9%E4%B8%BB%E5%A0%82',
               '/item/%E7%8E%8B%E5%BA%9C%E4%BA%95%E5%A4%A9%E4%B8%BB%E5%A0%82',
               '/item/%E7%BC%B8%E7%93%A6%E5%B8%82%E6%95%99%E5%A0%82',
               '/item/%E6%B0%B8%E5%AE%9A%E9%97%A8',
               '/item/%E9%92%9F%E9%BC%93%E6%A5%BC',
               '/item/%E6%B0%B8%E5%AE%9A%E9%97%A8',
               '/item/%E5%89%8D%E9%97%A8',
               '/item/%E7%AE%AD%E6%A5%BC',
               '/item/%E6%AD%A3%E9%98%B3%E9%97%A8',
               '/item/%E4%B8%AD%E5%8D%8E%E9%97%A8',
               '/item/%E7%AB%AF%E9%97%A8',
               '/item/%E5%8D%88%E9%97%A8',
               '/item/%E7%B4%AB%E7%A6%81%E5%9F%8E',
               '/item/%E7%A5%9E%E6%AD%A6%E9%97%A8',
               '/item/%E6%99%AF%E5%B1%B1',
               '/item/%E5%9C%B0%E5%AE%89%E9%97%A8',
               '/item/%E5%90%8E%E9%97%A8%E6%A1%A5',
               '/item/%E9%BC%93%E6%A5%BC',
               '/item/%E9%92%9F%E6%A5%BC/2799993',
               '/item/%E5%A4%A9%E5%9D%9B',
               '/item/%E5%85%88%E5%86%9C%E5%9D%9B',
               '/item/%E5%A4%AA%E5%BA%99',
               '/item/%E7%A4%BE%E7%A8%B7%E5%9D%9B',
               '/item/%E4%B8%9C%E5%8D%8E%E9%97%A8',
               '/item/%E8%A5%BF%E5%8D%8E%E9%97%A8',
               '/item/%E5%AE%89%E5%AE%9A%E9%97%A8',
               '/item/%E5%BE%B7%E8%83%9C%E9%97%A8',
               '/item/%E6%A2%81%E6%80%9D%E6%88%90',
               '/item/%E5%AE%AB%E5%9F%8E/3137138',
               '/item/%E7%9A%87%E5%9F%8E',
               '/item/%E5%86%85%E5%9F%8E',
               '/item/%E5%A4%96%E5%9F%8E',
               '/item/%E5%9F%8E%E5%A2%99',
               '/item/%E5%9F%8E%E9%97%A8/16491738',
               '/item/%E7%93%AE%E5%9F%8E',
               '/item/%E8%A7%92%E6%A5%BC',
               '/item/%E6%95%8C%E5%8F%B0',
               '/item/%E6%8A%A4%E5%9F%8E%E6%B2%B3',
               '/item/%E5%8C%97%E4%BA%AC%E5%9F%8E%E9%97%A8',
               '/pic/%E5%8C%97%E4%BA%AC/128981/1656457/9d82d158ccbf6c81f85f2ba3bc3eb13533fa4014?fr=lemma&ct=cover',
               '/item/%E8%B1%86%E6%B1%81%E5%84%BF',
               '/item/%E8%B1%86%E9%9D%A2%E9%85%A5%E7%B3%96',
               '/item/%E9%85%B8%E6%A2%85%E6%B1%A4',
               '/item/%E8%8C%B6%E6%B1%A4',
               '/item/%E5%B0%8F%E7%AA%9D%E5%A4%B4',
               '/item/%E8%8C%AF%E8%8B%93%E5%A4%B9%E9%A5%BC',
               '/item/%E5%86%B0%E7%B3%96%E8%91%AB%E8%8A%A6',
               '/item/%E8%89%BE%E7%AA%9D%E7%AA%9D',
               '/item/%E8%B1%8C%E8%B1%86%E9%BB%84',
               '/item/%E9%A9%B4%E6%89%93%E6%BB%9A',
               '/item/%E7%81%8C%E8%82%A0',
               '/item/%E7%88%86%E8%82%9A',
               '/item/%E7%82%92%E8%82%9D',
               '/pic/%E5%8C%97%E4%BA%AC/128981/2657872/8d5494eef01f3a295756fc349925bc315d607ca9?fr=lemma&ct=cover',
               '/item/%E5%9B%BD%E7%B2%B9',
               '/item/%E4%BA%8C%E9%BB%84/3566754',
               '/item/%E8%A5%BF%E7%9A%AE/217796',
               '/item/%E6%98%86%E6%9B%B2',
               '/item/%E7%A7%A6%E8%85%94',
               '/item/%E6%A2%86%E5%AD%90',
               '/item/%E9%97%A8%E5%A4%B4%E6%B2%9F%E4%BA%AC%E8%A5%BF%E5%A4%AA%E5%B9%B3%E9%BC%93',
               '/item/%E5%BB%B6%E5%BA%86%E6%97%B1%E8%88%B9',
               '/item/%E6%98%8C%E5%B9%B3%E5%90%8E%E7%89%9B%E5%9D%8A%E6%9D%91%E8%8A%B1%E9%92%B9%E5%A4%A7%E9%BC%93',
               '/item/%E5%AF%86%E4%BA%91%E8%9D%B4%E8%9D%B6%E4%BC%9A',
               '/item/%E7%B1%B3%E7%B2%AE%E5%B1%AF%E9%AB%98%E8%B7%B7%E4%BC%9A',
               '/item/%E6%B5%B7%E6%B7%80%E6%89%91%E8%9D%B4%E8%9D%B6',
               '/item/%E7%99%BD%E7%BA%B8%E5%9D%8A%E5%A4%AA%E7%8B%AE%E8%80%81%E4%BC%9A',
               '/item/%E5%A4%A7%E6%A0%85%E6%A0%8F%E4%BA%94%E6%96%97%E6%96%8B%E9%AB%98%E8%B7%B7%E7%A7%A7%E6%AD%8C',
               '/item/%E6%B2%99%E5%B3%AA%E6%9D%91%E7%AB%B9%E9%A9%AC',
               '/item/%E8%9D%B4%E8%9D%B6%E8%88%9E',
               '/item/%E8%8A%B1%E9%92%B9%E5%A4%A7%E9%BC%93',
               '/item/%E8%9D%B4%E8%9D%B6%E4%BC%9A',
               '/item/%E5%90%8C%E4%BB%81%E5%A0%82%E4%B8%AD%E5%8C%BB%E8%8D%AF%E6%96%87%E5%8C%96',
               '/pic/%E5%8C%97%E4%BA%AC/128981/1656458/83025aafa40f4bfb3b96991f034f78f0f7361832?fr=lemma&ct=cover',
               '/item/%E4%B8%96%E7%95%8C%E9%81%97%E4%BA%A7',
               '/item/%E4%B8%96%E7%95%8C%E5%9C%B0%E8%B4%A8%E5%85%AC%E5%9B%AD',
               '/item/%E7%B4%AB%E7%A6%81%E5%9F%8E',
               '/item/%E5%A4%A9%E5%9D%9B',
               '/item/%E5%8C%97%E6%B5%B7%E5%85%AC%E5%9B%AD',
               '/item/%E9%A2%90%E5%92%8C%E5%9B%AD',
               '/item/%E5%9C%86%E6%98%8E%E5%9B%AD',
               '/item/%E5%85%AB%E8%BE%BE%E5%B2%AD%E9%95%BF%E5%9F%8E',
               '/item/%E6%85%95%E7%94%B0%E5%B3%AA%E9%95%BF%E5%9F%8E',
               '/item/%E6%81%AD%E7%8E%8B%E5%BA%9C',
               '/item/%E5%85%A8%E5%9B%BD%E9%87%8D%E7%82%B9%E6%96%87%E7%89%A9%E4%BF%9D%E6%8A%A4%E5%8D%95%E4%BD%8D',
               '/item/%E4%BA%AC%E6%9D%AD%E5%A4%A7%E8%BF%90%E6%B2%B3',
               '/item/%E5%9B%BD%E5%AE%B6%E5%9C%B0%E8%B4%A8%E5%85%AC%E5%9B%AD',
               '/item/%E5%9B%BD%E5%AE%B6%E6%A3%AE%E6%9E%97%E5%85%AC%E5%9B%AD',
               '/item/%E6%95%85%E5%AE%AB/9326',
               '/item/%E9%95%BF%E5%9F%8E/14251',
               '/item/%E5%91%A8%E5%8F%A3%E5%BA%97%E5%8C%97%E4%BA%AC%E4%BA%BA%E9%81%97%E5%9D%80',
               '/item/%E5%A4%A9%E5%9D%9B/2820294',
               '/item/%E9%A2%90%E5%92%8C%E5%9B%AD/63458',
               '/item/%E6%98%8E%E5%8D%81%E4%B8%89%E9%99%B5',
               '/item/%E5%8C%97%E4%BA%AC%E6%88%BF%E5%B1%B1%E4%B8%96%E7%95%8C%E5%9C%B0%E8%B4%A8%E5%85%AC%E5%9B%AD',
               '/item/%E4%B8%AD%E5%9B%BD%E5%BB%B6%E5%BA%86%E4%B8%96%E7%95%8C%E5%9C%B0%E8%B4%A8%E5%85%AC%E5%9B%AD',
               '/item/%E5%85%AB%E8%BE%BE%E5%B2%AD',
               '/item/%E7%9F%B3%E8%8A%B1%E6%B4%9E',
               '/item/%E5%85%AB%E5%A4%A7%E5%A4%84',
               '/item/%E6%81%AD%E7%8E%8B%E5%BA%9C',
               '/item/%E5%9B%BD%E5%AD%90%E7%9B%91%E8%A1%97',
               '/item/%E7%83%9F%E8%A2%8B%E6%96%9C%E8%A1%97',
               '/item/%E5%A4%A7%E6%A0%85%E6%A0%8F/17132',
               '/item/%E5%9C%B0%E5%AE%89%E9%97%A8%E5%86%85%E5%A4%A7%E8%A1%97',
               '/item/%E5%AF%86%E4%BA%91%E5%8E%BF',
               '/item/%E5%8F%A4%E5%8C%97%E5%8F%A3%E9%95%87',
               '/item/%E4%B9%9D%E6%B8%A1%E6%B2%B3%E9%95%87',
               '/item/%E4%B8%9C%E5%9D%9D%E5%8F%A4%E9%95%87',
               '/item/%E7%8E%8B%E5%9B%9B%E8%90%A5',
               '/item/%E7%90%89%E7%92%83%E6%B8%A0%E6%9D%91',
               '/item/%E5%A4%A7%E8%BF%90%E6%B2%B3/35356',
               '/item/%E4%BA%91%E5%B1%85%E5%AF%BA/71999',
               '/item/%E5%8C%97%E4%BA%AC%E5%8F%A4%E8%A7%82%E8%B1%A1%E5%8F%B0',
               '/item/%E5%8C%97%E6%B5%B7%E5%85%AC%E5%9B%AD',
               '/item/%E5%8D%A2%E6%B2%9F%E6%A1%A5',
               '/item/%E5%A4%AA%E6%B6%B2%E7%A7%8B%E9%A3%8E',
               '/item/%E7%90%BC%E5%B2%9B%E6%98%A5%E9%98%B4',
               '/item/%E9%87%91%E5%8F%B0%E5%A4%95%E7%85%A7',
               '/item/%E8%93%9F%E9%97%A8%E7%83%9F%E6%A0%91',
               '/item/%E8%A5%BF%E5%B1%B1%E6%99%B4%E9%9B%AA',
               '/item/%E7%8E%89%E6%B3%89%E8%B6%B5%E7%AA%81',
               '/item/%E5%8D%A2%E6%B2%9F%E6%99%93%E6%9C%88',
               '/item/%E5%B1%85%E5%BA%B8%E5%8F%A0%E7%BF%A0',
               '/item/%E4%B8%AD%E5%9B%BD%E5%9B%9B%E5%A4%A7%E5%8F%A4%E9%83%BD',
               '/item/%E5%8C%97%E4%BA%AC%E5%B0%8F%E5%90%83',
               '/item/%E4%BA%AC%E5%89%A7/75719',
               '/item/%E4%BA%AC%E9%9F%B5%E5%A4%A7%E9%BC%93',
               '/item/%E7%9B%B8%E5%A3%B0',
               '/item/%E6%99%AF%E6%B3%B0%E8%93%9D/323939',
               '/item/%E7%89%99%E9%9B%95',
               '/item/%E6%AF%9B%E7%8C%B4',
               '/item/%E6%BC%86%E9%9B%95/2728198',
               '/item/%E5%90%B9%E7%B3%96%E4%BA%BA',
               '/item/%E6%8D%8F%E9%9D%A2%E4%BA%BA',
               '/item/%E5%9B%BD%E5%AE%B6%E5%8D%9A%E7%89%A9%E9%A6%86',
               '/item/%E4%B8%AD%E5%8D%8E%E4%B8%96%E7%BA%AA%E5%9D%9B',
               '/item/%E5%8C%97%E4%BA%AC%E5%A4%A9%E6%96%87%E9%A6%86',
               '/item/%E4%B8%AD%E5%9B%BD%E7%A7%91%E6%8A%80%E9%A6%86',
               '/item/%E8%87%AA%E7%84%B6%E5%8D%9A%E7%89%A9%E9%A6%86',
               '/item/%E9%A6%96%E9%83%BD%E5%8D%9A%E7%89%A9%E9%A6%86',
               '/item/%E4%B8%AD%E5%9B%BD%E7%BE%8E%E6%9C%AF%E9%A6%86',
               '/item/%E6%8A%97%E6%97%A5%E6%88%98%E4%BA%89%E7%BA%AA%E5%BF%B5%E9%A6%86',
               '/item/%E5%86%9B%E4%BA%8B%E5%8D%9A%E7%89%A9%E9%A6%86',
               '/item/%E4%B8%AD%E5%9B%BD%E8%88%AA%E7%A9%BA%E5%8D%9A%E7%89%A9%E9%A6%86',
               '/item/798%E8%89%BA%E6%9C%AF%E5%8C%BA',
               '/item/%E5%8C%97%E4%BA%AC%E5%9B%BD%E9%99%85%E9%9F%B3%E4%B9%90%E8%8A%82',
               '/item/%E7%B3%96%E6%9E%9C%E4%BF%B1%E4%B9%90%E9%83%A8',
               '/item/Cargo',
               '/item/%E4%B8%89%E9%87%8C%E5%B1%AF%E9%85%92%E5%90%A7%E8%A1%97',
               '/item/%E5%90%8E%E6%B5%B7%E9%85%92%E5%90%A7%E8%A1%97',
               '/item/%E5%8D%97%E9%94%A3%E9%BC%93%E5%B7%B7/6200499',
               '/item/%E5%9C%B0%E9%93%81%E5%AE%A2',
               '/item/SOHO',
               '/item/%E6%95%85%E5%AE%AB/9326',
               '/item/%E5%85%AB%E8%BE%BE%E5%B2%AD%E9%95%BF%E5%9F%8E',
               '/item/%E5%91%A8%E5%8F%A3%E5%BA%97%E5%8C%97%E4%BA%AC%E4%BA%BA%E9%81%97%E5%9D%80',
               '/item/%E5%A4%A9%E5%9D%9B/2820294',
               '/item/%E9%A2%90%E5%92%8C%E5%9B%AD/63458',
               '/item/%E6%98%8E%E5%8D%81%E4%B8%89%E9%99%B5',
               '/item/%E4%BB%80%E5%88%B9%E6%B5%B7/24538',
               '/item/%E5%9C%86%E6%98%8E%E5%9B%AD/9328',
               '/item/%E5%8D%A2%E6%B2%9F%E6%A1%A5',
               '/item/%E6%85%95%E7%94%B0%E5%B3%AA%E9%95%BF%E5%9F%8E',
               '/item/%E5%8F%B8%E9%A9%AC%E5%8F%B0%E9%95%BF%E5%9F%8E',
               '/item/%E9%87%91%E5%B1%B1%E5%B2%AD%E9%95%BF%E5%9F%8E',
               '/item/%E5%B1%85%E5%BA%B8%E5%85%B3%E9%95%BF%E5%9F%8E',
               '/item/%E7%AE%AD%E6%89%A3%E9%95%BF%E5%9F%8E',
               '/item/%E6%81%AD%E7%8E%8B%E5%BA%9C%E8%8A%B1%E5%9B%AD',
               '/item/%E9%86%87%E4%BA%B2%E7%8E%8B%E5%BA%9C',
               '/item/%E5%8C%97%E6%B5%B7%E5%85%AC%E5%9B%AD',
               '/item/%E5%8C%97%E4%BA%AC%E5%A4%A7%E5%AD%A6',
               '/item/%E5%8C%97%E4%BA%AC%E8%83%A1%E5%90%8C/81326',
               '/item/%E5%8C%97%E4%BA%AC%E5%8A%A8%E7%89%A9%E5%9B%AD',
               '/item/%E5%8C%97%E4%BA%AC%E6%A4%8D%E7%89%A9%E5%9B%AD',
               '/item/%E6%BD%98%E5%AE%B6%E5%9B%AD',
               '/item/%E5%8F%A4%E8%A7%82%E8%B1%A1%E5%8F%B0',
               '/item/%E5%BE%B7%E8%83%9C%E9%97%A8',
               '/item/%E6%AD%A3%E9%98%B3%E9%97%A8/12836',
               '/item/%E6%99%AF%E5%B1%B1%E5%85%AC%E5%9B%AD/63814',
               '/item/%E9%A6%99%E5%B1%B1/613',
               '/item/%E9%92%9F%E6%A5%BC/2799993',
               '/item/%E9%BC%93%E6%A5%BC/10838889',
               '/item/%E4%BD%9B%E6%95%99',
               '/item/%E9%81%93%E6%95%99',
               '/item/%E4%BC%8A%E6%96%AF%E5%85%B0%E6%95%99',
               '/item/%E5%A4%A9%E4%B8%BB%E6%95%99',
               '/item/%E5%9F%BA%E7%9D%A3%E6%95%99',
               '/item/%E5%B4%87%E6%96%87%E9%97%A8%E5%9F%BA%E7%9D%A3%E6%95%99%E5%A0%82',
               '/item/%E7%89%9B%E8%A1%97%E6%B8%85%E7%9C%9F%E5%AF%BA',
               '/item/%E4%B8%9C%E5%9B%9B%E6%B8%85%E7%9C%9F%E5%AF%BA',
               '/item/%E5%B9%BF%E6%B5%8E%E5%AF%BA/23626',
               '/item/%E5%B9%BF%E5%8C%96%E5%AF%BA/5403',
               '/item/%E7%99%BD%E4%BA%91%E8%A7%82/8404',
               '/item/%E9%9B%8D%E5%92%8C%E5%AE%AB',
               '/item/%E6%BD%AD%E6%9F%98%E5%AF%BA',
               '/item/%E4%BA%91%E5%B1%85%E5%AF%BA/71999',
               '/item/%E6%88%92%E5%8F%B0%E5%AF%BA',
               '/item/%E6%B3%95%E6%BA%90%E5%AF%BA/50398',
               '/item/%E6%8A%A5%E5%9B%BD%E5%AF%BA/31405',
               '/item/%E7%99%BD%E4%BA%91%E8%A7%82/8404',
               '/item/%E4%B8%9C%E5%B2%B3%E5%BA%99/8731',
               '/item/%E9%9B%8D%E5%92%8C%E5%AE%AB',
               '/item/%E7%89%9B%E8%A1%97%E7%A4%BC%E6%8B%9C%E5%AF%BA',
               '/item/%E4%B8%9C%E7%9B%B4%E9%97%A8%E5%A4%96%E6%B8%85%E7%9C%9F%E5%AF%BA',
               '/item/%E4%B8%9C%E5%9B%9B%E6%B8%85%E7%9C%9F%E5%AF%BA',
               '/item/%E8%A5%BF%E4%BB%80%E5%BA%93%E5%A4%A9%E4%B8%BB%E5%A0%82',
               '/item/%E5%AE%A3%E6%AD%A6%E9%97%A8%E5%A4%A9%E4%B8%BB%E5%A0%82',
               '/item/%E7%8E%8B%E5%BA%9C%E4%BA%95%E5%A4%A9%E4%B8%BB%E5%A0%82',
               '/item/%E8%A5%BF%E7%9B%B4%E9%97%A8%E5%A4%A9%E4%B8%BB%E5%A0%82',
               '/item/%E4%B8%9C%E4%BA%A4%E6%B0%91%E5%B7%B7%E5%A4%A9%E4%B8%BB%E5%A0%82',
               '/item/%E7%BC%B8%E7%93%A6%E5%B8%82',
               '/item/%E5%B0%BC%E5%8F%A4%E6%8B%89%E6%95%99%E5%A0%82',
               '/item/%E7%8E%8B%E5%BA%9C%E4%BA%95%E5%A4%A7%E8%A1%97',
               '/item/%E5%89%8D%E9%97%A8%E5%A4%A7%E6%A0%85%E6%A0%8F',
               '/item/%E8%A5%BF%E5%8D%95',
               '/item/%E5%9B%BD%E8%B4%B8',
               '/item/%E4%B8%9C%E6%96%B9%E6%96%B0%E5%A4%A9%E5%9C%B0',
               '/item/%E7%90%89%E7%92%83%E5%8E%82',
               '/item/%E6%BD%98%E5%AE%B6%E5%9B%AD',
               '/item/%E5%8F%A4%E7%8E%A9%E5%9F%8E',
               '/item/%E7%A7%80%E6%B0%B4%E8%A1%97',
               '/item/%E6%B3%A5%E4%BA%BA',
               '/item/%E4%BA%AC%E5%89%A7%E8%84%B8%E8%B0%B1',
               '/item/%E9%A3%8E%E7%AD%9D',
               '/item/%E5%89%AA%E7%BA%B8',
               '/item/%E6%BA%A5%E4%BB%AA',
               '/item/%E6%9B%B9%E9%9B%AA%E8%8A%B9',
               '/item/%E8%80%81%E8%88%8D',
               '/item/%E6%A2%85%E5%85%B0%E8%8A%B3',
               '/item/%E7%A8%8B%E7%A0%9A%E7%A7%8B',
               '/item/%E9%A9%AC%E8%BF%9E%E8%89%AF',
               '/item/%E5%88%98%E5%AE%9D%E7%91%9E',
               '/item/%E8%A2%81%E9%9A%86%E5%B9%B3',
               '/item/%E6%9D%8E%E8%BF%9E%E6%9D%B0',
               '/item/%E5%BC%A0%E6%80%A1%E5%AE%81',
               '/item/%E6%B5%B7%E5%B2%A9',
               '/item/%E4%BE%AF%E8%80%80%E6%96%87',
               '/item/%E7%8E%8B%E6%B2%BB%E9%83%85',
               '/item/%E5%B4%94%E5%81%A5',
               '/item/%E5%85%B3%E6%B1%89%E5%8D%BF',
               '/item/%E7%8E%8B%E6%9C%94',
               '/item/%E9%A9%AC%E6%B3%B0',
               '/item/%E5%A4%A7%E5%BC%A0%E4%BC%9F',
               '/item/%E4%B8%AD%E5%9B%BD%E5%A4%A7%E9%99%86%E6%9C%80%E4%BD%B3%E5%95%86%E4%B8%9A%E5%9F%8E%E5%B8%82/914488',
               '/item/%E4%B8%AD%E5%9B%BD%E7%99%BE%E5%BC%BA%E5%9F%8E%E5%B8%82%E6%8E%92%E8%A1%8C%E6%A6%9C',
               '/item/%E4%B8%AD%E5%9B%BD%E5%9F%8E%E5%B8%82%E5%88%86%E7%BA%A7',
               '/item/%E5%9B%BD%E5%AE%B6%E4%B8%AD%E5%BF%83%E5%9F%8E%E5%B8%82%E6%8C%87%E6%95%B0/23134333',
               '/item/%E4%B8%96%E7%95%8C%E4%B8%80%E7%BA%BF%E5%9F%8E%E5%B8%82/4722524',
               '/item/2019%E5%B9%B4%E4%B8%AD%E5%9B%BD%E7%99%BE%E5%BC%BA%E5%9F%8E%E5%B8%82%E6%8E%92%E8%A1%8C%E6%A6%9C/23773126',
               '/item/%E5%B8%83%E6%8B%89%E6%A0%BC%E5%B8%82/12587863',
               '/item/%E5%A0%AA%E5%9F%B9%E6%8B%89',
               '/item/%E6%BE%B3%E5%A4%A7%E5%88%A9%E4%BA%9A',
               '/item/%E9%98%BF%E5%A7%86%E6%96%AF%E7%89%B9%E4%B8%B9',
               '/item/%E8%8D%B7%E5%85%B0',
               '/item/%E4%B8%9C%E4%BA%AC/438',
               '/item/%E6%97%A5%E6%9C%AC/111617',
               '/item/%E8%8E%AB%E6%96%AF%E7%A7%91',
               '/item/%E4%BF%84%E7%BD%97%E6%96%AF/125568',
               '/item/%E7%BA%BD%E7%BA%A6/6230',
               '/item/%E7%BE%8E%E5%9B%BD/125486',
               '/item/%E5%B7%B4%E9%BB%8E/858',
               '/item/%E6%B3%95%E5%9B%BD/1173384',
               '/item/%E8%B4%9D%E5%B0%94%E6%A0%BC%E8%8E%B1%E5%BE%B7',
               '/item/%E5%A1%9E%E5%B0%94%E7%BB%B4%E4%BA%9A',
               '/item/%E7%BD%97%E9%A9%AC/14033',
               '/item/%E6%84%8F%E5%A4%A7%E5%88%A9/148336',
               '/item/%E5%88%A9%E9%A9%AC',
               '/item/%E7%A7%98%E9%B2%81',
               '/item/%E8%B1%AA%E7%99%BB%E7%9C%81',
               '/item/%E5%8D%97%E9%9D%9E',
               '/item/%E5%8D%8E%E7%9B%9B%E9%A1%BF%E7%89%B9%E5%8C%BA',
               '/item/%E7%BE%8E%E5%9B%BD/125486',
               '/item/%E9%9B%85%E5%85%B8',
               '/item/%E5%B8%8C%E8%85%8A',
               '/item/%E9%A9%AC%E5%BE%B7%E9%87%8C',
               '/item/%E8%A5%BF%E7%8F%AD%E7%89%99/148941',
               '/item/%E5%B8%83%E5%8A%A0%E5%8B%92%E6%96%AF%E7%89%B9',
               '/item/%E7%BD%97%E9%A9%AC%E5%B0%BC%E4%BA%9A',
               '/item/%E9%87%8C%E7%BA%A6%E7%83%AD%E5%86%85%E5%8D%A2',
               '/item/%E5%B7%B4%E8%A5%BF/5422',
               '/item/%E5%93%88%E7%93%A6%E9%82%A3',
               '/item/%E5%8F%A4%E5%B7%B4',
               '/item/%E6%B3%95%E5%9B%BD/1173384',
               '/item/%E9%A9%AC%E5%B0%BC%E6%8B%89',
               '/item/%E8%8F%B2%E5%BE%8B%E5%AE%BE',
               '/item/%E7%A7%91%E9%9A%86',
               '/item/%E5%BE%B7%E5%9B%BD/147953',
               '/item/%E4%BC%A6%E6%95%A6/862',
               '/item/%E8%8B%B1%E5%9B%BD/144602',
               '/item/%E5%AE%89%E5%8D%A1%E6%8B%89',
               '/item/%E5%9C%9F%E8%80%B3%E5%85%B6',
               '/item/%E4%BA%9A%E7%9A%84%E6%96%AF%E4%BA%9A%E8%B4%9D%E5%B7%B4',
               '/item/%E5%9F%83%E5%A1%9E%E4%BF%84%E6%AF%94%E4%BA%9A',
               '/item/%E5%BC%80%E7%BD%97',
               '/item/%E5%9F%83%E5%8F%8A',
               '/item/%E6%83%A0%E7%81%B5%E9%A1%BF',
               '/item/%E6%96%B0%E8%A5%BF%E5%85%B0',
               '/item/%E9%9B%85%E5%8A%A0%E8%BE%BE',
               '/item/%E5%8D%B0%E5%BA%A6%E5%B0%BC%E8%A5%BF%E4%BA%9A',
               '/item/%E8%B5%AB%E5%B0%94%E8%BE%9B%E5%9F%BA',
               '/item/%E8%8A%AC%E5%85%B0',
               '/item/%E4%BC%8A%E6%96%AF%E5%85%B0%E5%A0%A1',
               '/item/%E5%B7%B4%E5%9F%BA%E6%96%AF%E5%9D%A6',
               '/item/%E9%98%BF%E6%96%AF%E5%A1%94%E7%BA%B3',
               '/item/%E5%93%88%E8%90%A8%E5%85%8B%E6%96%AF%E5%9D%A6',
               '/item/%E6%9B%BC%E8%B0%B7/412946',
               '/item/%E6%B3%B0%E5%9B%BD',
               '/item/%E7%89%B9%E6%8B%89%E7%BB%B4%E5%A4%AB',
               '/item/%E4%BB%A5%E8%89%B2%E5%88%97',
               '/item/%E5%B8%83%E5%AE%9C%E8%AF%BA%E6%96%AF%E8%89%BE%E5%88%A9%E6%96%AF',
               '/item/%E9%98%BF%E6%A0%B9%E5%BB%B7/77652',
               '/item/%E5%9C%A3%E5%9C%B0%E4%BA%9A%E5%93%A5',
               '/item/%E6%99%BA%E5%88%A9',
               '/item/%E9%A6%96%E5%B0%94/61723',
               '/item/%E9%9F%A9%E5%9B%BD/6009333',
               '/item/%E9%87%8C%E6%96%AF%E6%9C%AC',
               '/item/%E8%91%A1%E8%90%84%E7%89%99',
               '/item/%E5%9F%BA%E8%BE%85',
               '/item/%E4%B9%8C%E5%85%8B%E5%85%B0',
               '/item/%E5%88%A9%E9%9A%86%E5%9C%AD',
               '/item/%E9%A9%AC%E6%8B%89%E7%BB%B4',
               '/item/%E6%9F%8F%E6%9E%97',
               '/item/%E5%BE%B7%E5%9B%BD/147953',
               '/item/%E5%90%89%E9%9A%86%E5%9D%A1',
               '/item/%E9%A9%AC%E6%9D%A5%E8%A5%BF%E4%BA%9A',
               '/item/%E5%B8%83%E9%B2%81%E5%A1%9E%E5%B0%94',
               '/item/%E6%AF%94%E5%88%A9%E6%97%B6',
               '/item/%E5%A2%A8%E8%A5%BF%E5%93%A5%E5%9F%8E',
               '/item/%E5%A2%A8%E8%A5%BF%E5%93%A5',
               '/item/%E6%B2%B3%E5%86%85',
               '/item/%E8%B6%8A%E5%8D%97']}
2019-11-23 12:45:59 [scrapy.core.engine] INFO: Closing spider (finished)
2019-11-23 12:45:59 [scrapy.statscollectors] INFO: Dumping Scrapy stats:
{'downloader/request_bytes': 244,
 'downloader/request_count': 1,
 'downloader/request_method_count/GET': 1,
 'downloader/response_bytes': 124084,
 'downloader/response_count': 1,
 'downloader/response_status_count/200': 1,
 'finish_reason': 'finished',
 'finish_time': datetime.datetime(2019, 11, 23, 4, 45, 59, 338855),
 'item_scraped_count': 1,
 'log_count/DEBUG': 3,
 'log_count/INFO': 7,
 'response_received_count': 1,
 'scheduler/dequeued/redis': 1,
 'scheduler/enqueued/redis': 1,
 'start_time': datetime.datetime(2019, 11, 23, 4, 45, 57, 146712)}
2019-11-23 12:45:59 [scrapy.core.engine] INFO: Spider closed (finished)
