2019-11-23 13:28:39 [scrapy.utils.log] INFO: Scrapy 1.5.0 started (bot: Spider)
2019-11-23 13:28:39 [scrapy.utils.log] INFO: Versions: lxml 4.4.1.0, libxml2 2.9.5, cssselect 1.1.0, parsel 1.5.2, w3lib 1.21.0, Twisted 19.7.0, Python 3.7.4 (default, Aug  9 2019, 18:34:13) [MSC v.1915 64 bit (AMD64)], pyOpenSSL 19.0.0 (OpenSSL 1.1.1b  26 Feb 2019), cryptography 2.6.1, Platform Windows-10-10.0.17134-SP0
2019-11-23 13:28:39 [scrapy.crawler] INFO: Overridden settings: {'BOT_NAME': 'Spider', 'CONCURRENT_REQUESTS': 32, 'COOKIES_ENABLED': False, 'DOWNLOAD_DELAY': 1, 'DUPEFILTER_CLASS': 'scrapy_redis.dupefilter.RFPDupeFilter', 'LOG_FILE': 'log/scrapy_11_23_13_28.log', 'NEWSPIDER_MODULE': 'Spider.spiders', 'SCHEDULER': 'scrapy_redis.scheduler.Scheduler', 'SPIDER_MODULES': ['Spider.spiders']}
2019-11-23 13:28:39 [scrapy.middleware] INFO: Enabled extensions:
['scrapy.extensions.corestats.CoreStats',
 'scrapy.extensions.telnet.TelnetConsole',
 'scrapy.extensions.logstats.LogStats']
2019-11-23 13:28:40 [scrapy.middleware] INFO: Enabled downloader middlewares:
['scrapy.downloadermiddlewares.httpauth.HttpAuthMiddleware',
 'scrapy.downloadermiddlewares.downloadtimeout.DownloadTimeoutMiddleware',
 'scrapy.downloadermiddlewares.defaultheaders.DefaultHeadersMiddleware',
 'scrapy.downloadermiddlewares.useragent.UserAgentMiddleware',
 'Spider.middlewares.RotateUserAgentMiddleware',
 'scrapy.downloadermiddlewares.retry.RetryMiddleware',
 'scrapy.downloadermiddlewares.redirect.MetaRefreshMiddleware',
 'scrapy.downloadermiddlewares.httpcompression.HttpCompressionMiddleware',
 'scrapy.downloadermiddlewares.redirect.RedirectMiddleware',
 'scrapy.downloadermiddlewares.httpproxy.HttpProxyMiddleware',
 'scrapy.downloadermiddlewares.stats.DownloaderStats']
2019-11-23 13:28:40 [scrapy.middleware] INFO: Enabled spider middlewares:
['scrapy.spidermiddlewares.httperror.HttpErrorMiddleware',
 'scrapy.spidermiddlewares.offsite.OffsiteMiddleware',
 'scrapy.spidermiddlewares.referer.RefererMiddleware',
 'scrapy.spidermiddlewares.urllength.UrlLengthMiddleware',
 'scrapy.spidermiddlewares.depth.DepthMiddleware']
2019-11-23 13:28:40 [scrapy.middleware] INFO: Enabled item pipelines:
['Spider.pipelines.UrlPipeline']
2019-11-23 13:28:40 [scrapy.core.engine] INFO: Spider opened
2019-11-23 13:28:40 [scrapy.extensions.logstats] INFO: Crawled 0 pages (at 0 pages/min), scraped 0 items (at 0 items/min)
2019-11-23 13:28:40 [scrapy.extensions.telnet] DEBUG: Telnet console listening on 127.0.0.1:6023
2019-11-23 13:28:41 [scrapy.core.engine] DEBUG: Crawled (200) <GET https://baike.baidu.com/item/%E5%BB%B6%E5%BA%86%E5%8C%BA/3506295> (referer: None)
2019-11-23 13:28:42 [scrapy.core.scraper] DEBUG: Scraped from <200 https://baike.baidu.com/item/%E5%BB%B6%E5%BA%86%E5%8C%BA/3506295>
{'view_urls': ['/item/%E9%9A%B6%E5%B1%9E/3128858',
               '/item/%E5%9C%B0%E7%90%86%E5%9D%90%E6%A0%87',
               '/item/%E6%80%80%E6%9F%94%E5%8C%BA/5105451',
               '/item/%E6%98%8C%E5%B9%B3%E5%8C%BA/2504992',
               '/item/%E6%80%80%E6%9D%A5%E5%8E%BF',
               '/item/%E8%B5%A4%E5%9F%8E%E5%8E%BF/10680076',
               '/item/%E5%B9%85%E5%91%98/11010434',
               '/item/%E6%88%B7%E7%B1%8D%E4%BA%BA%E5%8F%A3',
               '/item/%E5%B8%B8%E4%BD%8F%E4%BA%BA%E5%8F%A3',
               '/item/%E8%81%94%E5%90%88%E5%9B%BD%E6%95%99%E7%A7%91%E6%96%87%E7%BB%84%E7%BB%87',
               '/item/%E4%B8%AD%E5%9B%BD%E5%BB%B6%E5%BA%86%E4%B8%96%E7%95%8C%E5%9C%B0%E8%B4%A8%E5%85%AC%E5%9B%AD/12634876',
               '/item/%E5%8F%B2%E8%AE%B0',
               '/item/%E6%98%A5%E7%A7%8B%E6%97%B6%E6%9C%9F',
               '/item/%E6%88%98%E5%9B%BD/4819',
               '/item/%E7%A7%A6/2681927',
               '/item/%E8%A5%BF%E6%B1%89',
               '/item/%E4%B8%9C%E6%B1%89',
               '/item/%E5%8C%97%E9%BD%90',
               '/item/%E5%94%90%E5%88%9D',
               '/item/%E5%8C%97%E7%87%95%E5%B7%9E',
               '/item/%E5%94%90%E6%9C%AB',
               '/item/%E7%BC%99%E5%B1%B1%E5%8E%BF',
               '/item/%E5%85%83%E4%B8%96%E7%A5%96',
               '/item/%E5%85%83%E4%BB%81%E5%AE%97',
               '/pic/%E5%BB%B6%E5%BA%86%E5%8C%BA/3506295/24382723/e7cd7b899e510fb383e70ea5d733c895d1430c01?fr=lemma&ct=cover',
               '/item/%E5%85%83/2634049',
               '/item/%E6%98%8E/9473149',
               '/item/%E6%B8%85/10030559',
               '/item/%E6%B0%91%E5%9B%BD/2209725',
               '/item/%E5%AF%9F%E5%93%88%E5%B0%94%E7%9C%81',
               '/item/%E7%99%BE%E6%B3%89%E8%A1%97%E9%81%93',
               '/item/%E9%A6%99%E6%B0%B4%E5%9B%AD%E8%A1%97%E9%81%93',
               '/item/%E5%84%92%E6%9E%97%E8%A1%97%E9%81%93',
               '/item/%E5%BA%B7%E5%BA%84%E9%95%87/12601',
               '/item/%E5%85%AB%E8%BE%BE%E5%B2%AD%E9%95%87',
               '/item/%E6%B0%B8%E5%AE%81%E9%95%87/5848024',
               '/item/%E6%97%A7%E5%8E%BF%E9%95%87/33513',
               '/item/%E5%BC%A0%E5%B1%B1%E8%90%A5%E9%95%87',
               '/item/%E5%9B%9B%E6%B5%B7%E9%95%87',
               '/item/%E5%8D%83%E5%AE%B6%E5%BA%97%E9%95%87',
               '/item/%E6%B2%88%E5%AE%B6%E8%90%A5%E9%95%87',
               '/item/%E5%A4%A7%E6%A6%86%E6%A0%91%E9%95%87/8689027',
               '/item/%E4%BA%95%E5%BA%84%E9%95%87',
               '/item/%E5%88%98%E6%96%8C%E5%A0%A1%E4%B9%A1',
               '/item/%E5%A4%A7%E5%BA%84%E7%A7%91%E4%B9%A1',
               '/item/%E9%A6%99%E8%90%A5%E4%B9%A1',
               '/item/%E7%8F%8D%E7%8F%A0%E6%B3%89%E4%B9%A1',
               '/item/%E6%80%80%E6%9F%94%E5%8C%BA',
               '/item/%E6%98%8C%E5%B9%B3%E5%8C%BA',
               '/item/%E6%80%80%E6%9D%A5%E5%8E%BF',
               '/item/%E8%B5%A4%E5%9F%8E%E5%8E%BF/10680076',
               '/item/%E5%AE%98%E5%8E%85%E6%B0%B4%E5%BA%93',
               '/item/%E5%85%AB%E8%BE%BE%E5%B2%AD%E9%95%BF%E5%9F%8E',
               '/item/%E6%B5%B7%E5%9D%A8%E5%B1%B1',
               '/item/%E6%B0%B8%E5%AE%9A%E6%B2%B3/2492895',
               '/item/%E6%BD%AE%E7%99%BD%E6%B2%B3',
               '/item/%E7%99%BD%E6%B2%B3/13013834',
               '/item/%E5%A6%AB%E6%B0%B4%E6%B2%B3',
               '/item/%E6%9D%BE%E5%B1%B1%E5%9B%BD%E5%AE%B6%E7%BA%A7%E8%87%AA%E7%84%B6%E4%BF%9D%E6%8A%A4%E5%8C%BA',
               '/item/%E6%B2%B9%E6%9D%BE%E6%9E%97',
               '/item/%E6%9C%9D%E9%B2%9C%E6%97%8F',
               '/pic/%E5%BB%B6%E5%BA%86%E5%8C%BA/3506295/18813155/4afbfbedab64034fee71af34a8c379310a551d47?fr=lemma&ct=cover',
               '/pic/%E5%BB%B6%E5%BA%86%E5%8C%BA/3506295/18813156/dcc451da81cb39dbffbbdf74d4160924ab18309c?fr=lemma&ct=cover',
               '/item/%E4%BA%AC%E5%8C%85%E9%93%81%E8%B7%AF',
               '/item/S2%E7%BA%BF',
               '/item/%E4%BA%AC%E5%BC%A0%E5%9F%8E%E9%99%85%E9%93%81%E8%B7%AF',
               '/item/%E4%BA%AC%E6%96%B0%E9%AB%98%E9%80%9F%E5%85%AC%E8%B7%AF',
               '/item/110%E5%9B%BD%E9%81%93',
               '/item/%E5%85%B4%E5%BB%B6%E9%AB%98%E9%80%9F%E5%85%AC%E8%B7%AF',
               '/item/%E5%85%AB%E8%BE%BE%E5%B2%AD%E9%95%BF%E5%9F%8E',
               '/item/%E5%BA%B7%E8%A5%BF%E8%8D%89%E5%8E%9F',
               '/item/%E7%8E%89%E6%B8%A1%E5%B1%B1',
               '/item/%E5%8F%A4%E5%B4%96%E5%B1%85',
               '/item/%E9%87%8E%E9%B8%AD%E6%B9%96',
               '/item/%E5%B1%B1%E6%88%8E%E9%99%88%E5%88%97%E9%A6%86',
               '/item/%E7%9F%B3%E4%BA%AC%E9%BE%99%E6%BB%91%E9%9B%AA%E5%9C%BA',
               '/item/%E4%B9%9D%E7%9C%BC%E6%A5%BC',
               '/item/%E6%B0%B4%E5%85%B3%E9%95%BF%E5%9F%8E',
               '/item/%E6%9D%BE%E5%B1%B1%E6%A3%AE%E6%9E%97%E5%85%AC%E5%9B%AD',
               '/item/%E5%85%AB%E8%BE%BE%E5%B2%AD%E6%AE%8B%E9%95%BF%E5%9F%8E%E8%87%AA%E7%84%B6%E9%A3%8E%E6%99%AF%E5%8C%BA',
               '/item/%E5%85%AB%E8%BE%BE%E5%B2%AD%E5%9B%BD%E5%AE%B6%E6%A3%AE%E6%9E%97%E5%85%AC%E5%9B%AD',
               '/item/%E8%8E%B2%E8%8A%B1%E5%B1%B1%E6%A3%AE%E6%9E%97%E5%85%AC%E5%9B%AD',
               '/item/%E9%BE%99%E5%BA%86%E5%B3%A1',
               '/item/%E7%A1%85%E5%8C%96%E6%9C%A8%E5%9B%BD%E5%AE%B6%E5%9C%B0%E8%B4%A8%E5%85%AC%E5%9B%AD',
               '/item/%E5%A4%8F%E9%83%BD%E5%85%AC%E5%9B%AD',
               '/item/%E6%B1%9F%E6%B0%B4%E6%B3%89%E5%85%AC%E5%9B%AD',
               '/item/%E9%A6%99%E6%B0%B4%E8%8B%91%E5%85%AC%E5%9B%AD',
               '/item/%E7%99%BE%E6%B3%89%E5%85%AC%E5%9B%AD',
               '/item/%E5%BB%B6%E5%BA%86%E4%B8%89%E9%87%8C%E6%B2%B3%E6%B9%BF%E5%9C%B0%E5%85%AC%E5%9B%AD',
               '/item/%E5%A6%AB%E6%B0%B4%E5%85%AC%E5%9B%AD',
               '/item/%E8%BF%8E%E5%AE%BE%E5%85%AC%E5%9B%AD/4943244',
               '/item/%E5%85%AB%E8%BE%BE%E5%B2%AD%E9%95%BF%E5%9F%8E',
               '/item/%E5%BB%B6%E5%BA%86%E5%8C%BA',
               '/item/%E9%98%B2%E5%BE%A1%E5%B7%A5%E7%A8%8B',
               '/item/%E6%98%8E%E9%95%BF%E5%9F%8E',
               '/item/%E5%85%AB%E8%BE%BE%E5%B2%AD',
               '/item/%E6%B1%9F%E6%B3%BD%E6%B0%91',
               '/item/%E4%B8%AD%E5%9B%BD%E9%95%BF%E5%9F%8E%E5%8D%9A%E7%89%A9%E9%A6%86',
               '/item/%E5%85%A8%E5%9B%BD%E6%96%87%E6%98%8E%E9%A3%8E%E6%99%AF%E6%97%85%E6%B8%B8%E5%8C%BA%E7%A4%BA%E8%8C%83%E7%82%B9',
               '/pic/%E5%BB%B6%E5%BA%86%E5%8C%BA/3506295/18819634/77c6a7efce1b9d163024102af1deb48f8d54649e?fr=lemma&ct=cover',
               '/item/%E7%99%BE%E9%87%8C%E5%B1%B1%E6%B0%B4%E7%94%BB%E5%BB%8A',
               '/item/%E5%8D%83%E5%AE%B6%E5%BA%97%E9%95%87',
               '/pic/%E5%BB%B6%E5%BA%86%E5%8C%BA/3506295/18826459/a08b87d6277f9e2f794bba3c1830e924b899f38c?fr=lemma&ct=cover',
               '/item/%E5%8F%A4%E5%B4%96%E5%B1%85',
               '/item/%E9%87%8E%E9%B8%AD%E6%B9%96',
               '/pic/%E5%BB%B6%E5%BA%86%E5%8C%BA/3506295/18826460/e1fe9925bc315c60ce96c4db8ab1cb1349547787?fr=lemma&ct=cover',
               '/item/%E4%B8%AD%E5%9B%BD%E5%BB%B6%E5%BA%86%E4%B8%96%E7%95%8C%E5%9C%B0%E8%B4%A8%E5%85%AC%E5%9B%AD',
               '/pic/%E5%BB%B6%E5%BA%86%E5%8C%BA/3506295/18826461/9f2f070828381f30969f2c9dae014c086e06f004?fr=lemma&ct=cover',
               '/item/%E9%BE%99%E5%BA%86%E5%B3%A1',
               '/item/%E5%BB%B6%E5%BA%86%E5%8C%BA',
               '/item/%E5%8F%A4%E5%9F%8E%E6%9D%91',
               '/item/%E6%B5%B7%E5%9D%A8%E5%B1%B1',
               '/item/%E7%8E%89%E6%B8%A1%E5%B1%B1',
               '/item/%E5%8F%A4%E5%9F%8E%E6%B0%B4%E5%BA%93',
               '/pic/%E5%BB%B6%E5%BA%86%E5%8C%BA/3506295/18826462/b7fd5266d0160924ef62042fd30735fae6cd34ba?fr=lemma&ct=cover',
               '/item/%E7%9F%B3%E4%BA%AC%E9%BE%99%E6%BB%91%E9%9B%AA%E5%9C%BA',
               '/pic/%E5%BB%B6%E5%BA%86%E5%8C%BA/3506295/18826463/c2cec3fdfc039245f9e0433b8094a4c27d1e25a8?fr=lemma&ct=cover',
               '/pic/%E5%BB%B6%E5%BA%86%E5%8C%BA/3506295/20023236/0823dd54564e925864685bdb9b82d158ccbf4ea3?fr=lemma&ct=cover',
               '/item/%E8%B1%86%E8%85%90/272285']}
2019-11-23 13:28:42 [scrapy.core.engine] INFO: Closing spider (finished)
2019-11-23 13:28:42 [scrapy.statscollectors] INFO: Dumping Scrapy stats:
{'downloader/request_bytes': 254,
 'downloader/request_count': 1,
 'downloader/request_method_count/GET': 1,
 'downloader/response_bytes': 54614,
 'downloader/response_count': 1,
 'downloader/response_status_count/200': 1,
 'finish_reason': 'finished',
 'finish_time': datetime.datetime(2019, 11, 23, 5, 28, 42, 273523),
 'item_scraped_count': 1,
 'log_count/DEBUG': 3,
 'log_count/INFO': 7,
 'response_received_count': 1,
 'scheduler/dequeued/redis': 1,
 'scheduler/enqueued/redis': 1,
 'start_time': datetime.datetime(2019, 11, 23, 5, 28, 40, 578054)}
2019-11-23 13:28:42 [scrapy.core.engine] INFO: Spider closed (finished)
